<?xml version="1.0" encoding="UTF-8"?>
<!-- Generated by org.testng.reporters.JUnitReportReporter -->
<testsuite skipped="0" hostname="PIS046" name="TestingTestng" tests="1" failures="0" timestamp="2020-06-02T02:38:42 IST" time="0.071" errors="0">
  <testcase name="g" time="0.071" classname="TestingTestng"/>
  <system-out/>
</testsuite> <!-- TestingTestng -->
